# JRE version: Java(TM) SE Runtime Environment (21.0.3+7) (build 21.0.3+7-LTS-152)
# Java VM: Java HotSpot(TM) 64-Bit Server VM (21.0.3+7-LTS-152, mixed mode, sharing, tiered, compressed oops, compressed class ptrs, g1 gc, windows-amd64)
GC Precious Log:
 CardTable entry size: 512
 Card Set container configuration: InlinePtr #cards 5 size 8 Array Of Cards #cards 12 size 40 Howl #buckets 4 coarsen threshold 1843 Howl Bitmap #cards 512 size 80 coarsen threshold 460 Card regions per heap region 1 cards per card region 2048
 CPUs: 4 total, 4 available
 Memory: 3879M
 Large Page Support: Disabled
 NUMA Support: Disabled
 Compressed Oops: Enabled (32-bit)
 Heap Region Size: 1M
 Heap Min Capacity: 8M
 Heap Initial Capacity: 62M
 Heap Max Capacity: 970M
 Pre-touch: Disabled
 Parallel Workers: 4
 Concurrent Workers: 1
 Concurrent Refinement Workers: 4
 Periodic GC: Disabled
Heap:
 garbage-first heap   total 290816K, used 190304K [0x00000000c3600000, 0x0000000100000000)
  region size 1024K, 126 young (129024K), 7 survivors (7168K)
 Metaspace       used 38236K, committed 38848K, reserved 1114112K
  class space    used 4159K, committed 4480K, reserved 1048576K
GC Heap History (20 events):
Event: 10.493 GC heap before
{Heap before GC invocations=19 (full 0):
 garbage-first heap   total 96256K, used 75260K [0x00000000c3600000, 0x0000000100000000)
  region size 1024K, 25 young (25600K), 3 survivors (3072K)
 Metaspace       used 29437K, committed 29824K, reserved 1114112K
  class space    used 3263K, committed 3456K, reserved 1048576K
}
Event: 10.499 GC heap after
{Heap after GC invocations=20 (full 0):
 garbage-first heap   total 96256K, used 53928K [0x00000000c3600000, 0x0000000100000000)
  region size 1024K, 3 young (3072K), 3 survivors (3072K)
 Metaspace       used 29437K, committed 29824K, reserved 1114112K
  class space    used 3263K, committed 3456K, reserved 1048576K
}
Event: 10.814 GC heap before
{Heap before GC invocations=21 (full 0):
 garbage-first heap   total 99328K, used 78504K [0x00000000c3600000, 0x0000000100000000)
  region size 1024K, 27 young (27648K), 3 survivors (3072K)
 Metaspace       used 29616K, committed 30016K, reserved 1114112K
  class space    used 3279K, committed 3456K, reserved 1048576K
}
Event: 10.820 GC heap after
{Heap after GC invocations=22 (full 0):
 garbage-first heap   total 99328K, used 54272K [0x00000000c3600000, 0x0000000100000000)
  region size 1024K, 1 young (1024K), 1 survivors (1024K)
 Metaspace       used 29616K, committed 30016K, reserved 1114112K
  class space    used 3279K, committed 3456K, reserved 1048576K
}
Event: 11.091 GC heap before
{Heap before GC invocations=22 (full 0):
 garbage-first heap   total 99328K, used 82944K [0x00000000c3600000, 0x0000000100000000)
  region size 1024K, 29 young (29696K), 1 survivors (1024K)
 Metaspace       used 29653K, committed 30016K, reserved 1114112K
  class space    used 3279K, committed 3456K, reserved 1048576K
}
Event: 11.097 GC heap after
{Heap after GC invocations=23 (full 0):
 garbage-first heap   total 129024K, used 53335K [0x00000000c3600000, 0x0000000100000000)
  region size 1024K, 1 young (1024K), 1 survivors (1024K)
 Metaspace       used 29653K, committed 30016K, reserved 1114112K
  class space    used 3279K, committed 3456K, reserved 1048576K
}
Event: 11.551 GC heap before
{Heap before GC invocations=23 (full 0):
 garbage-first heap   total 129024K, used 101463K [0x00000000c3600000, 0x0000000100000000)
  region size 1024K, 48 young (49152K), 1 survivors (1024K)
 Metaspace       used 30327K, committed 30784K, reserved 1114112K
  class space    used 3371K, committed 3584K, reserved 1048576K
}
Event: 11.560 GC heap after
{Heap after GC invocations=24 (full 0):
 garbage-first heap   total 129024K, used 54402K [0x00000000c3600000, 0x0000000100000000)
  region size 1024K, 2 young (2048K), 2 survivors (2048K)
 Metaspace       used 30327K, committed 30784K, reserved 1114112K
  class space    used 3371K, committed 3584K, reserved 1048576K
}
Event: 11.750 GC heap before
{Heap before GC invocations=24 (full 0):
 garbage-first heap   total 129024K, used 113794K [0x00000000c3600000, 0x0000000100000000)
  region size 1024K, 60 young (61440K), 2 survivors (2048K)
 Metaspace       used 30428K, committed 30912K, reserved 1114112K
  class space    used 3379K, committed 3584K, reserved 1048576K
}
Event: 11.755 GC heap after
{Heap after GC invocations=25 (full 0):
 garbage-first heap   total 129024K, used 55476K [0x00000000c3600000, 0x0000000100000000)
  region size 1024K, 3 young (3072K), 3 survivors (3072K)
 Metaspace       used 30428K, committed 30912K, reserved 1114112K
  class space    used 3379K, committed 3584K, reserved 1048576K
}
Event: 11.962 GC heap before
{Heap before GC invocations=25 (full 0):
 garbage-first heap   total 129024K, used 114868K [0x00000000c3600000, 0x0000000100000000)
  region size 1024K, 61 young (62464K), 3 survivors (3072K)
 Metaspace       used 30585K, committed 31040K, reserved 1114112K
  class space    used 3380K, committed 3584K, reserved 1048576K
}
Event: 11.966 GC heap after
{Heap after GC invocations=26 (full 0):
 garbage-first heap   total 129024K, used 55640K [0x00000000c3600000, 0x0000000100000000)
  region size 1024K, 4 young (4096K), 4 survivors (4096K)
 Metaspace       used 30585K, committed 31040K, reserved 1114112K
  class space    used 3380K, committed 3584K, reserved 1048576K
}
Event: 12.287 GC heap before
{Heap before GC invocations=27 (full 0):
 garbage-first heap   total 145408K, used 115032K [0x00000000c3600000, 0x0000000100000000)
  region size 1024K, 62 young (63488K), 4 survivors (4096K)
 Metaspace       used 30654K, committed 31104K, reserved 1114112K
  class space    used 3381K, committed 3584K, reserved 1048576K
}
Event: 12.299 GC heap after
{Heap after GC invocations=28 (full 0):
 garbage-first heap   total 145408K, used 55658K [0x00000000c3600000, 0x0000000100000000)
  region size 1024K, 4 young (4096K), 4 survivors (4096K)
 Metaspace       used 30654K, committed 31104K, reserved 1114112K
  class space    used 3381K, committed 3584K, reserved 1048576K
}
Event: 13.548 GC heap before
{Heap before GC invocations=28 (full 0):
 garbage-first heap   total 145408K, used 133482K [0x00000000c3600000, 0x0000000100000000)
  region size 1024K, 78 young (79872K), 4 survivors (4096K)
 Metaspace       used 32961K, committed 33472K, reserved 1114112K
  class space    used 3629K, committed 3840K, reserved 1048576K
}
Event: 13.567 GC heap after
{Heap after GC invocations=29 (full 0):
 garbage-first heap   total 145408K, used 59306K [0x00000000c3600000, 0x0000000100000000)
  region size 1024K, 6 young (6144K), 6 survivors (6144K)
 Metaspace       used 32961K, committed 33472K, reserved 1114112K
  class space    used 3629K, committed 3840K, reserved 1048576K
}
Event: 14.162 GC heap before
{Heap before GC invocations=29 (full 0):
 garbage-first heap   total 145408K, used 130986K [0x00000000c3600000, 0x0000000100000000)
  region size 1024K, 76 young (77824K), 6 survivors (6144K)
 Metaspace       used 33264K, committed 33856K, reserved 1114112K
  class space    used 3640K, committed 3904K, reserved 1048576K
}
Event: 14.179 GC heap after
{Heap after GC invocations=30 (full 0):
 garbage-first heap   total 145408K, used 61446K [0x00000000c3600000, 0x0000000100000000)
  region size 1024K, 7 young (7168K), 7 survivors (7168K)
 Metaspace       used 33264K, committed 33856K, reserved 1114112K
  class space    used 3640K, committed 3904K, reserved 1048576K
}
Event: 14.790 GC heap before
{Heap before GC invocations=30 (full 0):
 garbage-first heap   total 145408K, used 91142K [0x00000000c3600000, 0x0000000100000000)
  region size 1024K, 37 young (37888K), 7 survivors (7168K)
 Metaspace       used 33456K, committed 33984K, reserved 1114112K
  class space    used 3647K, committed 3904K, reserved 1048576K
}
Event: 14.809 GC heap after
{Heap after GC invocations=31 (full 0):
 garbage-first heap   total 290816K, used 61280K [0x00000000c3600000, 0x0000000100000000)
  region size 1024K, 7 young (7168K), 7 survivors (7168K)
 Metaspace       used 33456K, committed 33984K, reserved 1114112K
  class space    used 3647K, committed 3904K, reserved 1048576K
}

