# JRE version: Java(TM) SE Runtime Environment (21.0.3+7) (build 21.0.3+7-LTS-152)
# Java VM: Java HotSpot(TM) 64-Bit Server VM (21.0.3+7-LTS-152, mixed mode, sharing, tiered, compressed oops, compressed class ptrs, g1 gc, windows-amd64)
GC Precious Log:
 CardTable entry size: 512
 Card Set container configuration: InlinePtr #cards 5 size 8 Array Of Cards #cards 12 size 40 Howl #buckets 4 coarsen threshold 1843 Howl Bitmap #cards 512 size 80 coarsen threshold 460 Card regions per heap region 1 cards per card region 2048
 CPUs: 4 total, 4 available
 Memory: 3879M
 Large Page Support: Disabled
 NUMA Support: Disabled
 Compressed Oops: Enabled (32-bit)
 Heap Region Size: 1M
 Heap Min Capacity: 8M
 Heap Initial Capacity: 62M
 Heap Max Capacity: 970M
 Pre-touch: Disabled
 Parallel Workers: 4
 Concurrent Workers: 1
 Concurrent Refinement Workers: 4
 Periodic GC: Disabled
Heap:
 garbage-first heap   total 101376K, used 82587K [0x00000000c3600000, 0x0000000100000000)
  region size 1024K, 2 young (2048K), 2 survivors (2048K)
 Metaspace       used 68201K, committed 68864K, reserved 1114112K
  class space    used 9469K, committed 9792K, reserved 1048576K
GC Heap History (20 events):
Event: 4.970 GC heap after
{Heap after GC invocations=12 (full 0):
 garbage-first heap   total 55296K, used 21836K [0x00000000c3600000, 0x0000000100000000)
  region size 1024K, 3 young (3072K), 3 survivors (3072K)
 Metaspace       used 47144K, committed 47680K, reserved 1114112K
  class space    used 6553K, committed 6784K, reserved 1048576K
}
Event: 5.866 GC heap before
{Heap before GC invocations=12 (full 0):
 garbage-first heap   total 55296K, used 47436K [0x00000000c3600000, 0x0000000100000000)
  region size 1024K, 28 young (28672K), 3 survivors (3072K)
 Metaspace       used 53132K, committed 53760K, reserved 1114112K
  class space    used 7355K, committed 7616K, reserved 1048576K
}
Event: 5.877 GC heap after
{Heap after GC invocations=13 (full 0):
 garbage-first heap   total 55296K, used 24770K [0x00000000c3600000, 0x0000000100000000)
  region size 1024K, 4 young (4096K), 4 survivors (4096K)
 Metaspace       used 53132K, committed 53760K, reserved 1114112K
  class space    used 7355K, committed 7616K, reserved 1048576K
}
Event: 6.401 GC heap before
{Heap before GC invocations=13 (full 0):
 garbage-first heap   total 55296K, used 33986K [0x00000000c3600000, 0x0000000100000000)
  region size 1024K, 14 young (14336K), 4 survivors (4096K)
 Metaspace       used 60756K, committed 61376K, reserved 1114112K
  class space    used 8363K, committed 8640K, reserved 1048576K
}
Event: 6.411 GC heap after
{Heap after GC invocations=14 (full 0):
 garbage-first heap   total 66560K, used 25846K [0x00000000c3600000, 0x0000000100000000)
  region size 1024K, 2 young (2048K), 2 survivors (2048K)
 Metaspace       used 60756K, committed 61376K, reserved 1114112K
  class space    used 8363K, committed 8640K, reserved 1048576K
}
Event: 10.420 GC heap before
{Heap before GC invocations=15 (full 0):
 garbage-first heap   total 66560K, used 56566K [0x00000000c3600000, 0x0000000100000000)
  region size 1024K, 33 young (33792K), 2 survivors (2048K)
 Metaspace       used 65705K, committed 66304K, reserved 1114112K
  class space    used 9009K, committed 9280K, reserved 1048576K
}
Event: 10.426 GC heap after
{Heap after GC invocations=16 (full 0):
 garbage-first heap   total 66560K, used 29209K [0x00000000c3600000, 0x0000000100000000)
  region size 1024K, 5 young (5120K), 5 survivors (5120K)
 Metaspace       used 65705K, committed 66304K, reserved 1114112K
  class space    used 9009K, committed 9280K, reserved 1048576K
}
Event: 11.379 GC heap before
{Heap before GC invocations=16 (full 0):
 garbage-first heap   total 66560K, used 66073K [0x00000000c3600000, 0x0000000100000000)
  region size 1024K, 29 young (29696K), 5 survivors (5120K)
 Metaspace       used 68134K, committed 68800K, reserved 1114112K
  class space    used 9463K, committed 9792K, reserved 1048576K
}
Event: 11.388 GC heap after
{Heap after GC invocations=17 (full 0):
 garbage-first heap   total 74752K, used 43036K [0x00000000c3600000, 0x0000000100000000)
  region size 1024K, 2 young (2048K), 2 survivors (2048K)
 Metaspace       used 68134K, committed 68800K, reserved 1114112K
  class space    used 9463K, committed 9792K, reserved 1048576K
}
Event: 11.502 GC heap before
{Heap before GC invocations=17 (full 0):
 garbage-first heap   total 74752K, used 66588K [0x00000000c3600000, 0x0000000100000000)
  region size 1024K, 25 young (25600K), 2 survivors (2048K)
 Metaspace       used 68183K, committed 68864K, reserved 1114112K
  class space    used 9468K, committed 9792K, reserved 1048576K
}
Event: 11.514 GC heap after
{Heap after GC invocations=18 (full 0):
 garbage-first heap   total 75776K, used 49763K [0x00000000c3600000, 0x0000000100000000)
  region size 1024K, 4 young (4096K), 4 survivors (4096K)
 Metaspace       used 68183K, committed 68864K, reserved 1114112K
  class space    used 9468K, committed 9792K, reserved 1048576K
}
Event: 11.746 GC heap before
{Heap before GC invocations=19 (full 0):
 garbage-first heap   total 101376K, used 65123K [0x00000000c3600000, 0x0000000100000000)
  region size 1024K, 19 young (19456K), 4 survivors (4096K)
 Metaspace       used 68201K, committed 68864K, reserved 1114112K
  class space    used 9469K, committed 9792K, reserved 1048576K
}
Event: 11.758 GC heap after
{Heap after GC invocations=20 (full 0):
 garbage-first heap   total 101376K, used 53850K [0x00000000c3600000, 0x0000000100000000)
  region size 1024K, 3 young (3072K), 3 survivors (3072K)
 Metaspace       used 68201K, committed 68864K, reserved 1114112K
  class space    used 9469K, committed 9792K, reserved 1048576K
}
Event: 11.905 GC heap before
{Heap before GC invocations=20 (full 0):
 garbage-first heap   total 101376K, used 84570K [0x00000000c3600000, 0x0000000100000000)
  region size 1024K, 33 young (33792K), 3 survivors (3072K)
 Metaspace       used 68201K, committed 68864K, reserved 1114112K
  class space    used 9469K, committed 9792K, reserved 1048576K
}
Event: 11.918 GC heap after
{Heap after GC invocations=21 (full 0):
 garbage-first heap   total 101376K, used 64189K [0x00000000c3600000, 0x0000000100000000)
  region size 1024K, 5 young (5120K), 5 survivors (5120K)
 Metaspace       used 68201K, committed 68864K, reserved 1114112K
  class space    used 9469K, committed 9792K, reserved 1048576K
}
Event: 11.939 GC heap before
{Heap before GC invocations=21 (full 0):
 garbage-first heap   total 101376K, used 76477K [0x00000000c3600000, 0x0000000100000000)
  region size 1024K, 18 young (18432K), 5 survivors (5120K)
 Metaspace       used 68201K, committed 68864K, reserved 1114112K
  class space    used 9469K, committed 9792K, reserved 1048576K
}
Event: 11.949 GC heap after
{Heap after GC invocations=22 (full 0):
 garbage-first heap   total 101376K, used 68987K [0x00000000c3600000, 0x0000000100000000)
  region size 1024K, 4 young (4096K), 4 survivors (4096K)
 Metaspace       used 68201K, committed 68864K, reserved 1114112K
  class space    used 9469K, committed 9792K, reserved 1048576K
}
Event: 11.983 GC heap before
{Heap before GC invocations=22 (full 0):
 garbage-first heap   total 101376K, used 87419K [0x00000000c3600000, 0x0000000100000000)
  region size 1024K, 21 young (21504K), 4 survivors (4096K)
 Metaspace       used 68201K, committed 68864K, reserved 1114112K
  class space    used 9469K, committed 9792K, reserved 1048576K
}
Event: 11.992 GC heap after
{Heap after GC invocations=23 (full 0):
 garbage-first heap   total 101376K, used 76661K [0x00000000c3600000, 0x0000000100000000)
  region size 1024K, 3 young (3072K), 3 survivors (3072K)
 Metaspace       used 68201K, committed 68864K, reserved 1114112K
  class space    used 9469K, committed 9792K, reserved 1048576K
}
Event: 12.015 GC heap before
{Heap before GC invocations=23 (full 0):
 garbage-first heap   total 101376K, used 89973K [0x00000000c3600000, 0x0000000100000000)
  region size 1024K, 16 young (16384K), 3 survivors (3072K)
 Metaspace       used 68201K, committed 68864K, reserved 1114112K
  class space    used 9469K, committed 9792K, reserved 1048576K
}

