# JRE version: Java(TM) SE Runtime Environment (21.0.3+7) (build 21.0.3+7-LTS-152)
# Java VM: Java HotSpot(TM) 64-Bit Server VM (21.0.3+7-LTS-152, mixed mode, sharing, tiered, compressed oops, compressed class ptrs, g1 gc, windows-amd64)
GC Precious Log:
 CardTable entry size: 512
 Card Set container configuration: InlinePtr #cards 5 size 8 Array Of Cards #cards 12 size 40 Howl #buckets 4 coarsen threshold 1843 Howl Bitmap #cards 512 size 80 coarsen threshold 460 Card regions per heap region 1 cards per card region 2048
 CPUs: 4 total, 4 available
 Memory: 3879M
 Large Page Support: Disabled
 NUMA Support: Disabled
 Compressed Oops: Enabled (32-bit)
 Heap Region Size: 1M
 Heap Min Capacity: 8M
 Heap Initial Capacity: 62M
 Heap Max Capacity: 970M
 Pre-touch: Disabled
 Parallel Workers: 4
 Concurrent Workers: 1
 Concurrent Refinement Workers: 4
 Periodic GC: Disabled
Heap:
 garbage-first heap   total 114688K, used 70444K [0x00000000c3600000, 0x0000000100000000)
  region size 1024K, 2 young (2048K), 2 survivors (2048K)
 Metaspace       used 68766K, committed 69440K, reserved 1114112K
  class space    used 9560K, committed 9856K, reserved 1048576K
GC Heap History (20 events):
Event: 7.089 GC heap after
{Heap after GC invocations=13 (full 0):
 garbage-first heap   total 51200K, used 23081K [0x00000000c3600000, 0x0000000100000000)
  region size 1024K, 3 young (3072K), 3 survivors (3072K)
 Metaspace       used 55177K, committed 55744K, reserved 1114112K
  class space    used 7651K, committed 7936K, reserved 1048576K
}
Event: 7.397 GC heap before
{Heap before GC invocations=13 (full 0):
 garbage-first heap   total 51200K, used 30249K [0x00000000c3600000, 0x0000000100000000)
  region size 1024K, 11 young (11264K), 3 survivors (3072K)
 Metaspace       used 60169K, committed 60800K, reserved 1114112K
  class space    used 8219K, committed 8512K, reserved 1048576K
}
Event: 7.401 GC heap after
{Heap after GC invocations=14 (full 0):
 garbage-first heap   total 51200K, used 24447K [0x00000000c3600000, 0x0000000100000000)
  region size 1024K, 2 young (2048K), 2 survivors (2048K)
 Metaspace       used 60169K, committed 60800K, reserved 1114112K
  class space    used 8219K, committed 8512K, reserved 1048576K
}
Event: 8.060 GC heap before
{Heap before GC invocations=15 (full 0):
 garbage-first heap   total 51200K, used 44927K [0x00000000c3600000, 0x0000000100000000)
  region size 1024K, 21 young (21504K), 2 survivors (2048K)
 Metaspace       used 66451K, committed 67072K, reserved 1114112K
  class space    used 9113K, committed 9408K, reserved 1048576K
}
Event: 8.064 GC heap after
{Heap after GC invocations=16 (full 0):
 garbage-first heap   total 51200K, used 28026K [0x00000000c3600000, 0x0000000100000000)
  region size 1024K, 3 young (3072K), 3 survivors (3072K)
 Metaspace       used 66451K, committed 67072K, reserved 1114112K
  class space    used 9113K, committed 9408K, reserved 1048576K
}
Event: 8.523 GC heap before
{Heap before GC invocations=16 (full 0):
 garbage-first heap   total 51200K, used 49530K [0x00000000c3600000, 0x0000000100000000)
  region size 1024K, 19 young (19456K), 3 survivors (3072K)
 Metaspace       used 68713K, committed 69376K, reserved 1114112K
  class space    used 9553K, committed 9856K, reserved 1048576K
}
Event: 8.528 GC heap after
{Heap after GC invocations=17 (full 0):
 garbage-first heap   total 57344K, used 35446K [0x00000000c3600000, 0x0000000100000000)
  region size 1024K, 2 young (2048K), 2 survivors (2048K)
 Metaspace       used 68713K, committed 69376K, reserved 1114112K
  class space    used 9553K, committed 9856K, reserved 1048576K
}
Event: 8.633 GC heap before
{Heap before GC invocations=17 (full 0):
 garbage-first heap   total 57344K, used 49782K [0x00000000c3600000, 0x0000000100000000)
  region size 1024K, 16 young (16384K), 2 survivors (2048K)
 Metaspace       used 68762K, committed 69440K, reserved 1114112K
  class space    used 9558K, committed 9856K, reserved 1048576K
}
Event: 8.637 GC heap after
{Heap after GC invocations=18 (full 0):
 garbage-first heap   total 57344K, used 38172K [0x00000000c3600000, 0x0000000100000000)
  region size 1024K, 2 young (2048K), 2 survivors (2048K)
 Metaspace       used 68762K, committed 69440K, reserved 1114112K
  class space    used 9558K, committed 9856K, reserved 1048576K
}
Event: 8.798 GC heap before
{Heap before GC invocations=19 (full 0):
 garbage-first heap   total 70656K, used 50460K [0x00000000c3600000, 0x0000000100000000)
  region size 1024K, 14 young (14336K), 2 survivors (2048K)
 Metaspace       used 68764K, committed 69440K, reserved 1114112K
  class space    used 9558K, committed 9856K, reserved 1048576K
}
Event: 8.803 GC heap after
{Heap after GC invocations=20 (full 0):
 garbage-first heap   total 70656K, used 43008K [0x00000000c3600000, 0x0000000100000000)
  region size 1024K, 2 young (2048K), 2 survivors (2048K)
 Metaspace       used 68764K, committed 69440K, reserved 1114112K
  class space    used 9558K, committed 9856K, reserved 1048576K
}
Event: 8.862 GC heap before
{Heap before GC invocations=20 (full 0):
 garbage-first heap   total 70656K, used 59392K [0x00000000c3600000, 0x0000000100000000)
  region size 1024K, 18 young (18432K), 2 survivors (2048K)
 Metaspace       used 68766K, committed 69440K, reserved 1114112K
  class space    used 9560K, committed 9856K, reserved 1048576K
}
Event: 8.868 GC heap after
{Heap after GC invocations=21 (full 0):
 garbage-first heap   total 84992K, used 47042K [0x00000000c3600000, 0x0000000100000000)
  region size 1024K, 3 young (3072K), 3 survivors (3072K)
 Metaspace       used 68766K, committed 69440K, reserved 1114112K
  class space    used 9560K, committed 9856K, reserved 1048576K
}
Event: 8.915 GC heap before
{Heap before GC invocations=21 (full 0):
 garbage-first heap   total 84992K, used 69570K [0x00000000c3600000, 0x0000000100000000)
  region size 1024K, 25 young (25600K), 3 survivors (3072K)
 Metaspace       used 68766K, committed 69440K, reserved 1114112K
  class space    used 9560K, committed 9856K, reserved 1048576K
}
Event: 8.923 GC heap after
{Heap after GC invocations=22 (full 0):
 garbage-first heap   total 84992K, used 55660K [0x00000000c3600000, 0x0000000100000000)
  region size 1024K, 4 young (4096K), 4 survivors (4096K)
 Metaspace       used 68766K, committed 69440K, reserved 1114112K
  class space    used 9560K, committed 9856K, reserved 1048576K
}
Event: 8.966 GC heap before
{Heap before GC invocations=22 (full 0):
 garbage-first heap   total 84992K, used 71020K [0x00000000c3600000, 0x0000000100000000)
  region size 1024K, 19 young (19456K), 4 survivors (4096K)
 Metaspace       used 68766K, committed 69440K, reserved 1114112K
  class space    used 9560K, committed 9856K, reserved 1048576K
}
Event: 8.973 GC heap after
{Heap after GC invocations=23 (full 0):
 garbage-first heap   total 84992K, used 60343K [0x00000000c3600000, 0x0000000100000000)
  region size 1024K, 3 young (3072K), 3 survivors (3072K)
 Metaspace       used 68766K, committed 69440K, reserved 1114112K
  class space    used 9560K, committed 9856K, reserved 1048576K
}
Event: 8.996 GC heap before
{Heap before GC invocations=23 (full 0):
 garbage-first heap   total 84992K, used 74679K [0x00000000c3600000, 0x0000000100000000)
  region size 1024K, 16 young (16384K), 3 survivors (3072K)
 Metaspace       used 68766K, committed 69440K, reserved 1114112K
  class space    used 9560K, committed 9856K, reserved 1048576K
}
Event: 9.003 GC heap after
{Heap after GC invocations=24 (full 0):
 garbage-first heap   total 84992K, used 66349K [0x00000000c3600000, 0x0000000100000000)
  region size 1024K, 2 young (2048K), 2 survivors (2048K)
 Metaspace       used 68766K, committed 69440K, reserved 1114112K
  class space    used 9560K, committed 9856K, reserved 1048576K
}
Event: 9.032 GC heap before
{Heap before GC invocations=24 (full 0):
 garbage-first heap   total 114688K, used 75565K [0x00000000c3600000, 0x0000000100000000)
  region size 1024K, 11 young (11264K), 2 survivors (2048K)
 Metaspace       used 68766K, committed 69440K, reserved 1114112K
  class space    used 9560K, committed 9856K, reserved 1048576K
}

