# JRE version: Java(TM) SE Runtime Environment (21.0.3+7) (build 21.0.3+7-LTS-152)
# Java VM: Java HotSpot(TM) 64-Bit Server VM (21.0.3+7-LTS-152, mixed mode, sharing, tiered, compressed oops, compressed class ptrs, g1 gc, windows-amd64)
GC Precious Log:
 CardTable entry size: 512
 Card Set container configuration: InlinePtr #cards 5 size 8 Array Of Cards #cards 12 size 40 Howl #buckets 4 coarsen threshold 1843 Howl Bitmap #cards 512 size 80 coarsen threshold 460 Card regions per heap region 1 cards per card region 2048
 CPUs: 4 total, 4 available
 Memory: 3879M
 Large Page Support: Disabled
 NUMA Support: Disabled
 Compressed Oops: Enabled (32-bit)
 Heap Region Size: 1M
 Heap Min Capacity: 8M
 Heap Initial Capacity: 62M
 Heap Max Capacity: 970M
 Pre-touch: Disabled
 Parallel Workers: 4
 Concurrent Workers: 1
 Concurrent Refinement Workers: 4
 Periodic GC: Disabled
Heap:
 garbage-first heap   total 437248K, used 194048K [0x00000000c3600000, 0x0000000100000000)
  region size 1024K, 60 young (61440K), 21 survivors (21504K)
 Metaspace       used 70956K, committed 71616K, reserved 1114112K
  class space    used 9929K, committed 10240K, reserved 1048576K
GC Heap History (20 events):
Event: 8.358 GC heap before
{Heap before GC invocations=18 (full 0):
 garbage-first heap   total 91136K, used 72151K [0x00000000c3600000, 0x0000000100000000)
  region size 1024K, 28 young (28672K), 3 survivors (3072K)
 Metaspace       used 68174K, committed 68864K, reserved 1114112K
  class space    used 9467K, committed 9792K, reserved 1048576K
}
Event: 8.366 GC heap after
{Heap after GC invocations=19 (full 0):
 garbage-first heap   total 91136K, used 55759K [0x00000000c3600000, 0x0000000100000000)
  region size 1024K, 4 young (4096K), 4 survivors (4096K)
 Metaspace       used 68174K, committed 68864K, reserved 1114112K
  class space    used 9467K, committed 9792K, reserved 1048576K
}
Event: 8.454 GC heap before
{Heap before GC invocations=19 (full 0):
 garbage-first heap   total 91136K, used 78287K [0x00000000c3600000, 0x0000000100000000)
  region size 1024K, 25 young (25600K), 4 survivors (4096K)
 Metaspace       used 68174K, committed 68864K, reserved 1114112K
  class space    used 9467K, committed 9792K, reserved 1048576K
}
Event: 8.463 GC heap after
{Heap after GC invocations=20 (full 0):
 garbage-first heap   total 91136K, used 63094K [0x00000000c3600000, 0x0000000100000000)
  region size 1024K, 4 young (4096K), 4 survivors (4096K)
 Metaspace       used 68174K, committed 68864K, reserved 1114112K
  class space    used 9467K, committed 9792K, reserved 1048576K
}
Event: 8.496 GC heap before
{Heap before GC invocations=20 (full 0):
 garbage-first heap   total 91136K, used 78454K [0x00000000c3600000, 0x0000000100000000)
  region size 1024K, 19 young (19456K), 4 survivors (4096K)
 Metaspace       used 68174K, committed 68864K, reserved 1114112K
  class space    used 9467K, committed 9792K, reserved 1048576K
}
Event: 8.504 GC heap after
{Heap after GC invocations=21 (full 0):
 garbage-first heap   total 137216K, used 68942K [0x00000000c3600000, 0x0000000100000000)
  region size 1024K, 3 young (3072K), 3 survivors (3072K)
 Metaspace       used 68174K, committed 68864K, reserved 1114112K
  class space    used 9467K, committed 9792K, reserved 1048576K
}
Event: 8.633 GC heap before
{Heap before GC invocations=22 (full 0):
 garbage-first heap   total 157696K, used 106830K [0x00000000c3600000, 0x0000000100000000)
  region size 1024K, 40 young (40960K), 3 survivors (3072K)
 Metaspace       used 68174K, committed 68864K, reserved 1114112K
  class space    used 9467K, committed 9792K, reserved 1048576K
}
Event: 8.643 GC heap after
{Heap after GC invocations=23 (full 0):
 garbage-first heap   total 157696K, used 76093K [0x00000000c3600000, 0x0000000100000000)
  region size 1024K, 5 young (5120K), 5 survivors (5120K)
 Metaspace       used 68174K, committed 68864K, reserved 1114112K
  class space    used 9467K, committed 9792K, reserved 1048576K
}
Event: 8.841 GC heap before
{Heap before GC invocations=23 (full 0):
 garbage-first heap   total 157696K, used 122173K [0x00000000c3600000, 0x0000000100000000)
  region size 1024K, 50 young (51200K), 5 survivors (5120K)
 Metaspace       used 69949K, committed 70592K, reserved 1114112K
  class space    used 9844K, committed 10176K, reserved 1048576K
}
Event: 8.854 GC heap after
{Heap after GC invocations=24 (full 0):
 garbage-first heap   total 157696K, used 86522K [0x00000000c3600000, 0x0000000100000000)
  region size 1024K, 7 young (7168K), 7 survivors (7168K)
 Metaspace       used 69949K, committed 70592K, reserved 1114112K
  class space    used 9844K, committed 10176K, reserved 1048576K
}
Event: 8.967 GC heap before
{Heap before GC invocations=24 (full 0):
 garbage-first heap   total 157696K, used 128506K [0x00000000c3600000, 0x0000000100000000)
  region size 1024K, 48 young (49152K), 7 survivors (7168K)
 Metaspace       used 69962K, committed 70656K, reserved 1114112K
  class space    used 9844K, committed 10176K, reserved 1048576K
}
Event: 8.979 GC heap after
{Heap after GC invocations=25 (full 0):
 garbage-first heap   total 157696K, used 97280K [0x00000000c3600000, 0x0000000100000000)
  region size 1024K, 6 young (6144K), 6 survivors (6144K)
 Metaspace       used 69962K, committed 70656K, reserved 1114112K
  class space    used 9844K, committed 10176K, reserved 1048576K
}
Event: 9.121 GC heap before
{Heap before GC invocations=26 (full 0):
 garbage-first heap   total 165888K, used 121856K [0x00000000c3600000, 0x0000000100000000)
  region size 1024K, 40 young (40960K), 6 survivors (6144K)
 Metaspace       used 69962K, committed 70656K, reserved 1114112K
  class space    used 9844K, committed 10176K, reserved 1048576K
}
Event: 9.136 GC heap after
{Heap after GC invocations=27 (full 0):
 garbage-first heap   total 165888K, used 101376K [0x00000000c3600000, 0x0000000100000000)
  region size 1024K, 5 young (5120K), 5 survivors (5120K)
 Metaspace       used 69962K, committed 70656K, reserved 1114112K
  class space    used 9844K, committed 10176K, reserved 1048576K
}
Event: 9.207 GC heap before
{Heap before GC invocations=27 (full 0):
 garbage-first heap   total 165888K, used 136192K [0x00000000c3600000, 0x0000000100000000)
  region size 1024K, 39 young (39936K), 5 survivors (5120K)
 Metaspace       used 69962K, committed 70656K, reserved 1114112K
  class space    used 9844K, committed 10176K, reserved 1048576K
}
Event: 9.220 GC heap after
{Heap after GC invocations=28 (full 0):
 garbage-first heap   total 165888K, used 98304K [0x00000000c3600000, 0x0000000100000000)
  region size 1024K, 5 young (5120K), 5 survivors (5120K)
 Metaspace       used 69962K, committed 70656K, reserved 1114112K
  class space    used 9844K, committed 10176K, reserved 1048576K
}
Event: 9.246 GC heap before
{Heap before GC invocations=28 (full 0):
 garbage-first heap   total 165888K, used 114688K [0x00000000c3600000, 0x0000000100000000)
  region size 1024K, 22 young (22528K), 5 survivors (5120K)
 Metaspace       used 69962K, committed 70656K, reserved 1114112K
  class space    used 9844K, committed 10176K, reserved 1048576K
}
Event: 9.256 GC heap after
{Heap after GC invocations=29 (full 0):
 garbage-first heap   total 437248K, used 105472K [0x00000000c3600000, 0x0000000100000000)
  region size 1024K, 5 young (5120K), 5 survivors (5120K)
 Metaspace       used 69962K, committed 70656K, reserved 1114112K
  class space    used 9844K, committed 10176K, reserved 1048576K
}
Event: 10.409 GC heap before
{Heap before GC invocations=29 (full 0):
 garbage-first heap   total 437248K, used 269312K [0x00000000c3600000, 0x0000000100000000)
  region size 1024K, 162 young (165888K), 5 survivors (5120K)
 Metaspace       used 69966K, committed 70656K, reserved 1114112K
  class space    used 9844K, committed 10176K, reserved 1048576K
}
Event: 10.502 GC heap after
{Heap after GC invocations=30 (full 0):
 garbage-first heap   total 437248K, used 156160K [0x00000000c3600000, 0x0000000100000000)
  region size 1024K, 21 young (21504K), 21 survivors (21504K)
 Metaspace       used 69966K, committed 70656K, reserved 1114112K
  class space    used 9844K, committed 10176K, reserved 1048576K
}

