# JRE version: Java(TM) SE Runtime Environment (21.0.3+7) (build 21.0.3+7-LTS-152)
# Java VM: Java HotSpot(TM) 64-Bit Server VM (21.0.3+7-LTS-152, mixed mode, sharing, tiered, compressed oops, compressed class ptrs, g1 gc, windows-amd64)
GC Precious Log:
 CardTable entry size: 512
 Card Set container configuration: InlinePtr #cards 5 size 8 Array Of Cards #cards 12 size 40 Howl #buckets 4 coarsen threshold 1843 Howl Bitmap #cards 512 size 80 coarsen threshold 460 Card regions per heap region 1 cards per card region 2048
 CPUs: 4 total, 4 available
 Memory: 3879M
 Large Page Support: Disabled
 NUMA Support: Disabled
 Compressed Oops: Enabled (32-bit)
 Heap Region Size: 1M
 Heap Min Capacity: 8M
 Heap Initial Capacity: 62M
 Heap Max Capacity: 970M
 Pre-touch: Disabled
 Parallel Workers: 4
 Concurrent Workers: 1
 Concurrent Refinement Workers: 4
 Periodic GC: Disabled
Heap:
 garbage-first heap   total 151552K, used 96660K [0x00000000c3600000, 0x0000000100000000)
  region size 1024K, 20 young (20480K), 2 survivors (2048K)
 Metaspace       used 38066K, committed 38720K, reserved 1114112K
  class space    used 4140K, committed 4416K, reserved 1048576K
GC Heap History (20 events):
Event: 12.424 GC heap before
{Heap before GC invocations=23 (full 0):
 garbage-first heap   total 105472K, used 88871K [0x00000000c3600000, 0x0000000100000000)
  region size 1024K, 35 young (35840K), 1 survivors (1024K)
 Metaspace       used 30322K, committed 30784K, reserved 1114112K
  class space    used 3371K, committed 3584K, reserved 1048576K
}
Event: 12.429 GC heap after
{Heap after GC invocations=24 (full 0):
 garbage-first heap   total 105472K, used 55079K [0x00000000c3600000, 0x0000000100000000)
  region size 1024K, 2 young (2048K), 2 survivors (2048K)
 Metaspace       used 30322K, committed 30784K, reserved 1114112K
  class space    used 3371K, committed 3584K, reserved 1048576K
}
Event: 12.635 GC heap before
{Heap before GC invocations=25 (full 0):
 garbage-first heap   total 105472K, used 90919K [0x00000000c3600000, 0x0000000100000000)
  region size 1024K, 37 young (37888K), 2 survivors (2048K)
 Metaspace       used 30386K, committed 30912K, reserved 1114112K
  class space    used 3375K, committed 3584K, reserved 1048576K
}
Event: 12.640 GC heap after
{Heap after GC invocations=26 (full 0):
 garbage-first heap   total 105472K, used 55242K [0x00000000c3600000, 0x0000000100000000)
  region size 1024K, 3 young (3072K), 3 survivors (3072K)
 Metaspace       used 30386K, committed 30912K, reserved 1114112K
  class space    used 3375K, committed 3584K, reserved 1048576K
}
Event: 12.953 GC heap before
{Heap before GC invocations=26 (full 0):
 garbage-first heap   total 105472K, used 92106K [0x00000000c3600000, 0x0000000100000000)
  region size 1024K, 39 young (39936K), 3 survivors (3072K)
 Metaspace       used 30515K, committed 30976K, reserved 1114112K
  class space    used 3379K, committed 3584K, reserved 1048576K
}
Event: 12.966 GC heap after
{Heap after GC invocations=27 (full 0):
 garbage-first heap   total 105472K, used 55726K [0x00000000c3600000, 0x0000000100000000)
  region size 1024K, 4 young (4096K), 4 survivors (4096K)
 Metaspace       used 30515K, committed 30976K, reserved 1114112K
  class space    used 3379K, committed 3584K, reserved 1048576K
}
Event: 13.196 GC heap before
{Heap before GC invocations=27 (full 0):
 garbage-first heap   total 105472K, used 93614K [0x00000000c3600000, 0x0000000100000000)
  region size 1024K, 41 young (41984K), 4 survivors (4096K)
 Metaspace       used 30602K, committed 31104K, reserved 1114112K
  class space    used 3379K, committed 3584K, reserved 1048576K
}
Event: 13.207 GC heap after
{Heap after GC invocations=28 (full 0):
 garbage-first heap   total 131072K, used 55620K [0x00000000c3600000, 0x0000000100000000)
  region size 1024K, 4 young (4096K), 4 survivors (4096K)
 Metaspace       used 30602K, committed 31104K, reserved 1114112K
  class space    used 3379K, committed 3584K, reserved 1048576K
}
Event: 13.937 GC heap before
{Heap before GC invocations=29 (full 0):
 garbage-first heap   total 131072K, used 118084K [0x00000000c3600000, 0x0000000100000000)
  region size 1024K, 65 young (66560K), 4 survivors (4096K)
 Metaspace       used 30684K, committed 31168K, reserved 1114112K
  class space    used 3380K, committed 3584K, reserved 1048576K
}
Event: 13.948 GC heap after
{Heap after GC invocations=30 (full 0):
 garbage-first heap   total 131072K, used 55356K [0x00000000c3600000, 0x0000000100000000)
  region size 1024K, 3 young (3072K), 3 survivors (3072K)
 Metaspace       used 30684K, committed 31168K, reserved 1114112K
  class space    used 3380K, committed 3584K, reserved 1048576K
}
Event: 15.851 GC heap before
{Heap before GC invocations=30 (full 0):
 garbage-first heap   total 131072K, used 121916K [0x00000000c3600000, 0x0000000100000000)
  region size 1024K, 66 young (67584K), 3 survivors (3072K)
 Metaspace       used 32836K, committed 33344K, reserved 1114112K
  class space    used 3625K, committed 3840K, reserved 1048576K
}
Event: 15.875 GC heap after
{Heap after GC invocations=31 (full 0):
 garbage-first heap   total 131072K, used 59100K [0x00000000c3600000, 0x0000000100000000)
  region size 1024K, 7 young (7168K), 7 survivors (7168K)
 Metaspace       used 32836K, committed 33344K, reserved 1114112K
  class space    used 3625K, committed 3840K, reserved 1048576K
}
Event: 17.894 GC heap before
{Heap before GC invocations=31 (full 0):
 garbage-first heap   total 131072K, used 115420K [0x00000000c3600000, 0x0000000100000000)
  region size 1024K, 62 young (63488K), 7 survivors (7168K)
 Metaspace       used 33249K, committed 33792K, reserved 1114112K
  class space    used 3637K, committed 3904K, reserved 1048576K
}
Event: 17.909 GC heap after
{Heap after GC invocations=32 (full 0):
 garbage-first heap   total 131072K, used 60680K [0x00000000c3600000, 0x0000000100000000)
  region size 1024K, 6 young (6144K), 6 survivors (6144K)
 Metaspace       used 33249K, committed 33792K, reserved 1114112K
  class space    used 3637K, committed 3904K, reserved 1048576K
}
Event: 19.586 GC heap before
{Heap before GC invocations=33 (full 0):
 garbage-first heap   total 131072K, used 118024K [0x00000000c3600000, 0x0000000100000000)
  region size 1024K, 61 young (62464K), 6 survivors (6144K)
 Metaspace       used 33476K, committed 34048K, reserved 1114112K
  class space    used 3647K, committed 3904K, reserved 1048576K
}
Event: 19.609 GC heap after
{Heap after GC invocations=34 (full 0):
 garbage-first heap   total 131072K, used 62511K [0x00000000c3600000, 0x0000000100000000)
  region size 1024K, 4 young (4096K), 4 survivors (4096K)
 Metaspace       used 33476K, committed 34048K, reserved 1114112K
  class space    used 3647K, committed 3904K, reserved 1048576K
}
Event: 23.491 GC heap before
{Heap before GC invocations=34 (full 0):
 garbage-first heap   total 131072K, used 127023K [0x00000000c3600000, 0x0000000100000000)
  region size 1024K, 59 young (60416K), 4 survivors (4096K)
 Metaspace       used 33771K, committed 34304K, reserved 1114112K
  class space    used 3668K, committed 3904K, reserved 1048576K
}
Event: 23.524 GC heap after
{Heap after GC invocations=35 (full 0):
 garbage-first heap   total 151552K, used 86528K [0x00000000c3600000, 0x0000000100000000)
  region size 1024K, 8 young (8192K), 8 survivors (8192K)
 Metaspace       used 33771K, committed 34304K, reserved 1114112K
  class space    used 3668K, committed 3904K, reserved 1048576K
}
Event: 24.495 GC heap before
{Heap before GC invocations=35 (full 0):
 garbage-first heap   total 151552K, used 129536K [0x00000000c3600000, 0x0000000100000000)
  region size 1024K, 51 young (52224K), 8 survivors (8192K)
 Metaspace       used 35487K, committed 36096K, reserved 1114112K
  class space    used 3863K, committed 4096K, reserved 1048576K
}
Event: 24.502 GC heap after
{Heap after GC invocations=36 (full 0):
 garbage-first heap   total 151552K, used 81300K [0x00000000c3600000, 0x0000000100000000)
  region size 1024K, 2 young (2048K), 2 survivors (2048K)
 Metaspace       used 35487K, committed 36096K, reserved 1114112K
  class space    used 3863K, committed 4096K, reserved 1048576K
}

