# JRE version: Java(TM) SE Runtime Environment (21.0.3+7) (build 21.0.3+7-LTS-152)
# Java VM: Java HotSpot(TM) 64-Bit Server VM (21.0.3+7-LTS-152, mixed mode, sharing, tiered, compressed oops, compressed class ptrs, g1 gc, windows-amd64)
GC Precious Log:
 CardTable entry size: 512
 Card Set container configuration: InlinePtr #cards 5 size 8 Array Of Cards #cards 12 size 40 Howl #buckets 4 coarsen threshold 1843 Howl Bitmap #cards 512 size 80 coarsen threshold 460 Card regions per heap region 1 cards per card region 2048
 CPUs: 4 total, 4 available
 Memory: 3879M
 Large Page Support: Disabled
 NUMA Support: Disabled
 Compressed Oops: Enabled (32-bit)
 Heap Region Size: 1M
 Heap Min Capacity: 8M
 Heap Initial Capacity: 62M
 Heap Max Capacity: 970M
 Pre-touch: Disabled
 Parallel Workers: 4
 Concurrent Workers: 1
 Concurrent Refinement Workers: 4
 Periodic GC: Disabled
Heap:
 garbage-first heap   total 172032K, used 134309K [0x00000000c3600000, 0x0000000100000000)
  region size 1024K, 83 young (84992K), 8 survivors (8192K)
 Metaspace       used 33067K, committed 33536K, reserved 1114112K
  class space    used 3627K, committed 3840K, reserved 1048576K
GC Heap History (20 events):
Event: 4.034 GC heap before
{Heap before GC invocations=8 (full 0):
 garbage-first heap   total 76800K, used 37747K [0x00000000c3600000, 0x0000000100000000)
  region size 1024K, 19 young (19456K), 4 survivors (4096K)
 Metaspace       used 21256K, committed 21504K, reserved 1114112K
  class space    used 2464K, committed 2560K, reserved 1048576K
}
Event: 4.041 GC heap after
{Heap after GC invocations=9 (full 0):
 garbage-first heap   total 76800K, used 27297K [0x00000000c3600000, 0x0000000100000000)
  region size 1024K, 6 young (6144K), 6 survivors (6144K)
 Metaspace       used 21256K, committed 21504K, reserved 1114112K
  class space    used 2464K, committed 2560K, reserved 1048576K
}
Event: 4.546 GC heap before
{Heap before GC invocations=10 (full 0):
 garbage-first heap   total 76800K, used 66209K [0x00000000c3600000, 0x0000000100000000)
  region size 1024K, 43 young (44032K), 6 survivors (6144K)
 Metaspace       used 26148K, committed 26496K, reserved 1114112K
  class space    used 2963K, committed 3136K, reserved 1048576K
}
Event: 4.561 GC heap after
{Heap after GC invocations=11 (full 0):
 garbage-first heap   total 84992K, used 37376K [0x00000000c3600000, 0x0000000100000000)
  region size 1024K, 6 young (6144K), 6 survivors (6144K)
 Metaspace       used 26148K, committed 26496K, reserved 1114112K
  class space    used 2963K, committed 3136K, reserved 1048576K
}
Event: 4.906 GC heap before
{Heap before GC invocations=11 (full 0):
 garbage-first heap   total 84992K, used 69120K [0x00000000c3600000, 0x0000000100000000)
  region size 1024K, 37 young (37888K), 6 survivors (6144K)
 Metaspace       used 26806K, committed 27200K, reserved 1114112K
  class space    used 3032K, committed 3200K, reserved 1048576K
}
Event: 4.918 GC heap after
{Heap after GC invocations=12 (full 0):
 garbage-first heap   total 84992K, used 44032K [0x00000000c3600000, 0x0000000100000000)
  region size 1024K, 5 young (5120K), 5 survivors (5120K)
 Metaspace       used 26806K, committed 27200K, reserved 1114112K
  class space    used 3032K, committed 3200K, reserved 1048576K
}
Event: 4.951 GC heap before
{Heap before GC invocations=12 (full 0):
 garbage-first heap   total 84992K, used 53248K [0x00000000c3600000, 0x0000000100000000)
  region size 1024K, 15 young (15360K), 5 survivors (5120K)
 Metaspace       used 26831K, committed 27200K, reserved 1114112K
  class space    used 3032K, committed 3200K, reserved 1048576K
}
Event: 4.958 GC heap after
{Heap after GC invocations=13 (full 0):
 garbage-first heap   total 84992K, used 46176K [0x00000000c3600000, 0x0000000100000000)
  region size 1024K, 3 young (3072K), 3 survivors (3072K)
 Metaspace       used 26831K, committed 27200K, reserved 1114112K
  class space    used 3032K, committed 3200K, reserved 1048576K
}
Event: 5.210 GC heap before
{Heap before GC invocations=14 (full 0):
 garbage-first heap   total 86016K, used 72800K [0x00000000c3600000, 0x0000000100000000)
  region size 1024K, 28 young (28672K), 3 survivors (3072K)
 Metaspace       used 27157K, committed 27456K, reserved 1114112K
  class space    used 3042K, committed 3200K, reserved 1048576K
}
Event: 5.217 GC heap after
{Heap after GC invocations=15 (full 0):
 garbage-first heap   total 86016K, used 50153K [0x00000000c3600000, 0x0000000100000000)
  region size 1024K, 4 young (4096K), 4 survivors (4096K)
 Metaspace       used 27157K, committed 27456K, reserved 1114112K
  class space    used 3042K, committed 3200K, reserved 1048576K
}
Event: 5.597 GC heap before
{Heap before GC invocations=15 (full 0):
 garbage-first heap   total 86016K, used 73705K [0x00000000c3600000, 0x0000000100000000)
  region size 1024K, 28 young (28672K), 4 survivors (4096K)
 Metaspace       used 28636K, committed 28992K, reserved 1114112K
  class space    used 3195K, committed 3328K, reserved 1048576K
}
Event: 5.604 GC heap after
{Heap after GC invocations=16 (full 0):
 garbage-first heap   total 172032K, used 51169K [0x00000000c3600000, 0x0000000100000000)
  region size 1024K, 2 young (2048K), 2 survivors (2048K)
 Metaspace       used 28636K, committed 28992K, reserved 1114112K
  class space    used 3195K, committed 3328K, reserved 1048576K
}
Event: 6.089 GC heap before
{Heap before GC invocations=16 (full 0):
 garbage-first heap   total 172032K, used 120801K [0x00000000c3600000, 0x0000000100000000)
  region size 1024K, 70 young (71680K), 2 survivors (2048K)
 Metaspace       used 29387K, committed 29824K, reserved 1114112K
  class space    used 3269K, committed 3456K, reserved 1048576K
}
Event: 6.103 GC heap after
{Heap after GC invocations=17 (full 0):
 garbage-first heap   total 172032K, used 51595K [0x00000000c3600000, 0x0000000100000000)
  region size 1024K, 2 young (2048K), 2 survivors (2048K)
 Metaspace       used 29387K, committed 29824K, reserved 1114112K
  class space    used 3269K, committed 3456K, reserved 1048576K
}
Event: 7.153 GC heap before
{Heap before GC invocations=17 (full 0):
 garbage-first heap   total 172032K, used 151947K [0x00000000c3600000, 0x0000000100000000)
  region size 1024K, 100 young (102400K), 2 survivors (2048K)
 Metaspace       used 30125K, committed 30592K, reserved 1114112K
  class space    used 3367K, committed 3584K, reserved 1048576K
}
Event: 7.172 GC heap after
{Heap after GC invocations=18 (full 0):
 garbage-first heap   total 172032K, used 53706K [0x00000000c3600000, 0x0000000100000000)
  region size 1024K, 4 young (4096K), 4 survivors (4096K)
 Metaspace       used 30125K, committed 30592K, reserved 1114112K
  class space    used 3367K, committed 3584K, reserved 1048576K
}
Event: 7.784 GC heap before
{Heap before GC invocations=18 (full 0):
 garbage-first heap   total 172032K, used 152010K [0x00000000c3600000, 0x0000000100000000)
  region size 1024K, 100 young (102400K), 4 survivors (4096K)
 Metaspace       used 30317K, committed 30784K, reserved 1114112K
  class space    used 3368K, committed 3584K, reserved 1048576K
}
Event: 7.790 GC heap after
{Heap after GC invocations=19 (full 0):
 garbage-first heap   total 172032K, used 54204K [0x00000000c3600000, 0x0000000100000000)
  region size 1024K, 5 young (5120K), 5 survivors (5120K)
 Metaspace       used 30317K, committed 30784K, reserved 1114112K
  class space    used 3368K, committed 3584K, reserved 1048576K
}
Event: 9.423 GC heap before
{Heap before GC invocations=19 (full 0):
 garbage-first heap   total 172032K, used 153532K [0x00000000c3600000, 0x0000000100000000)
  region size 1024K, 100 young (102400K), 5 survivors (5120K)
 Metaspace       used 32671K, committed 33216K, reserved 1114112K
  class space    used 3615K, committed 3840K, reserved 1048576K
}
Event: 9.440 GC heap after
{Heap after GC invocations=20 (full 0):
 garbage-first heap   total 172032K, used 58533K [0x00000000c3600000, 0x0000000100000000)
  region size 1024K, 8 young (8192K), 8 survivors (8192K)
 Metaspace       used 32671K, committed 33216K, reserved 1114112K
  class space    used 3615K, committed 3840K, reserved 1048576K
}

