# JRE version: Java(TM) SE Runtime Environment (21.0.3+7) (build 21.0.3+7-LTS-152)
# Java VM: Java HotSpot(TM) 64-Bit Server VM (21.0.3+7-LTS-152, mixed mode, sharing, tiered, compressed oops, compressed class ptrs, g1 gc, windows-amd64)
GC Precious Log:
 CardTable entry size: 512
 Card Set container configuration: InlinePtr #cards 5 size 8 Array Of Cards #cards 12 size 40 Howl #buckets 4 coarsen threshold 1843 Howl Bitmap #cards 512 size 80 coarsen threshold 460 Card regions per heap region 1 cards per card region 2048
 CPUs: 4 total, 4 available
 Memory: 3879M
 Large Page Support: Disabled
 NUMA Support: Disabled
 Compressed Oops: Enabled (32-bit)
 Heap Region Size: 1M
 Heap Min Capacity: 8M
 Heap Initial Capacity: 62M
 Heap Max Capacity: 970M
 Pre-touch: Disabled
 Parallel Workers: 4
 Concurrent Workers: 1
 Concurrent Refinement Workers: 4
 Periodic GC: Disabled
Heap:
 garbage-first heap   total 103424K, used 80384K [0x00000000c3600000, 0x0000000100000000)
  region size 1024K, 3 young (3072K), 3 survivors (3072K)
 Metaspace       used 68199K, committed 68864K, reserved 1114112K
  class space    used 9465K, committed 9792K, reserved 1048576K
GC Heap History (20 events):
Event: 4.306 GC heap after
{Heap after GC invocations=10 (full 0):
 garbage-first heap   total 55296K, used 22259K [0x00000000c3600000, 0x0000000100000000)
  region size 1024K, 2 young (2048K), 2 survivors (2048K)
 Metaspace       used 42973K, committed 43520K, reserved 1114112K
  class space    used 5955K, committed 6208K, reserved 1048576K
}
Event: 4.731 GC heap before
{Heap before GC invocations=10 (full 0):
 garbage-first heap   total 55296K, used 46835K [0x00000000c3600000, 0x0000000100000000)
  region size 1024K, 26 young (26624K), 2 survivors (2048K)
 Metaspace       used 46674K, committed 47232K, reserved 1114112K
  class space    used 6477K, committed 6720K, reserved 1048576K
}
Event: 4.736 GC heap after
{Heap after GC invocations=11 (full 0):
 garbage-first heap   total 55296K, used 22356K [0x00000000c3600000, 0x0000000100000000)
  region size 1024K, 3 young (3072K), 3 survivors (3072K)
 Metaspace       used 46674K, committed 47232K, reserved 1114112K
  class space    used 6477K, committed 6720K, reserved 1048576K
}
Event: 5.476 GC heap before
{Heap before GC invocations=11 (full 0):
 garbage-first heap   total 55296K, used 46932K [0x00000000c3600000, 0x0000000100000000)
  region size 1024K, 27 young (27648K), 3 survivors (3072K)
 Metaspace       used 51980K, committed 52544K, reserved 1114112K
  class space    used 7240K, committed 7488K, reserved 1048576K
}
Event: 5.485 GC heap after
{Heap after GC invocations=12 (full 0):
 garbage-first heap   total 55296K, used 25515K [0x00000000c3600000, 0x0000000100000000)
  region size 1024K, 4 young (4096K), 4 survivors (4096K)
 Metaspace       used 51980K, committed 52544K, reserved 1114112K
  class space    used 7240K, committed 7488K, reserved 1048576K
}
Event: 6.017 GC heap before
{Heap before GC invocations=12 (full 0):
 garbage-first heap   total 55296K, used 37803K [0x00000000c3600000, 0x0000000100000000)
  region size 1024K, 17 young (17408K), 4 survivors (4096K)
 Metaspace       used 59824K, committed 60416K, reserved 1114112K
  class space    used 8219K, committed 8512K, reserved 1048576K
}
Event: 6.022 GC heap after
{Heap after GC invocations=13 (full 0):
 garbage-first heap   total 66560K, used 26684K [0x00000000c3600000, 0x0000000100000000)
  region size 1024K, 2 young (2048K), 2 survivors (2048K)
 Metaspace       used 59824K, committed 60416K, reserved 1114112K
  class space    used 8219K, committed 8512K, reserved 1048576K
}
Event: 7.113 GC heap before
{Heap before GC invocations=14 (full 0):
 garbage-first heap   total 66560K, used 56380K [0x00000000c3600000, 0x0000000100000000)
  region size 1024K, 32 young (32768K), 2 survivors (2048K)
 Metaspace       used 65708K, committed 66368K, reserved 1114112K
  class space    used 9007K, committed 9344K, reserved 1048576K
}
Event: 7.119 GC heap after
{Heap after GC invocations=15 (full 0):
 garbage-first heap   total 66560K, used 30067K [0x00000000c3600000, 0x0000000100000000)
  region size 1024K, 4 young (4096K), 4 survivors (4096K)
 Metaspace       used 65708K, committed 66368K, reserved 1114112K
  class space    used 9007K, committed 9344K, reserved 1048576K
}
Event: 7.909 GC heap before
{Heap before GC invocations=15 (full 0):
 garbage-first heap   total 66560K, used 65907K [0x00000000c3600000, 0x0000000100000000)
  region size 1024K, 27 young (27648K), 4 survivors (4096K)
 Metaspace       used 68132K, committed 68800K, reserved 1114112K
  class space    used 9458K, committed 9792K, reserved 1048576K
}
Event: 7.918 GC heap after
{Heap after GC invocations=16 (full 0):
 garbage-first heap   total 73728K, used 44209K [0x00000000c3600000, 0x0000000100000000)
  region size 1024K, 2 young (2048K), 2 survivors (2048K)
 Metaspace       used 68132K, committed 68800K, reserved 1114112K
  class space    used 9458K, committed 9792K, reserved 1048576K
}
Event: 7.991 GC heap before
{Heap before GC invocations=16 (full 0):
 garbage-first heap   total 73728K, used 65713K [0x00000000c3600000, 0x0000000100000000)
  region size 1024K, 23 young (23552K), 2 survivors (2048K)
 Metaspace       used 68180K, committed 68864K, reserved 1114112K
  class space    used 9463K, committed 9792K, reserved 1048576K
}
Event: 7.997 GC heap after
{Heap after GC invocations=17 (full 0):
 garbage-first heap   total 73728K, used 49726K [0x00000000c3600000, 0x0000000100000000)
  region size 1024K, 3 young (3072K), 3 survivors (3072K)
 Metaspace       used 68180K, committed 68864K, reserved 1114112K
  class space    used 9463K, committed 9792K, reserved 1048576K
}
Event: 8.065 GC heap before
{Heap before GC invocations=17 (full 0):
 garbage-first heap   total 102400K, used 64062K [0x00000000c3600000, 0x0000000100000000)
  region size 1024K, 17 young (17408K), 3 survivors (3072K)
 Metaspace       used 68199K, committed 68864K, reserved 1114112K
  class space    used 9465K, committed 9792K, reserved 1048576K
}
Event: 8.070 GC heap after
{Heap after GC invocations=18 (full 0):
 garbage-first heap   total 102400K, used 53186K [0x00000000c3600000, 0x0000000100000000)
  region size 1024K, 3 young (3072K), 3 survivors (3072K)
 Metaspace       used 68199K, committed 68864K, reserved 1114112K
  class space    used 9465K, committed 9792K, reserved 1048576K
}
Event: 8.479 GC heap before
{Heap before GC invocations=19 (full 0):
 garbage-first heap   total 102400K, used 88002K [0x00000000c3600000, 0x0000000100000000)
  region size 1024K, 37 young (37888K), 3 survivors (3072K)
 Metaspace       used 68199K, committed 68864K, reserved 1114112K
  class space    used 9465K, committed 9792K, reserved 1048576K
}
Event: 8.505 GC heap after
{Heap after GC invocations=20 (full 0):
 garbage-first heap   total 103424K, used 65536K [0x00000000c3600000, 0x0000000100000000)
  region size 1024K, 5 young (5120K), 5 survivors (5120K)
 Metaspace       used 68199K, committed 68864K, reserved 1114112K
  class space    used 9465K, committed 9792K, reserved 1048576K
}
Event: 8.547 GC heap before
{Heap before GC invocations=20 (full 0):
 garbage-first heap   total 103424K, used 89088K [0x00000000c3600000, 0x0000000100000000)
  region size 1024K, 27 young (27648K), 5 survivors (5120K)
 Metaspace       used 68199K, committed 68864K, reserved 1114112K
  class space    used 9465K, committed 9792K, reserved 1048576K
}
Event: 8.568 GC heap after
{Heap after GC invocations=21 (full 0):
 garbage-first heap   total 103424K, used 73613K [0x00000000c3600000, 0x0000000100000000)
  region size 1024K, 4 young (4096K), 4 survivors (4096K)
 Metaspace       used 68199K, committed 68864K, reserved 1114112K
  class space    used 9465K, committed 9792K, reserved 1048576K
}
Event: 8.600 GC heap before
{Heap before GC invocations=21 (full 0):
 garbage-first heap   total 103424K, used 89997K [0x00000000c3600000, 0x0000000100000000)
  region size 1024K, 20 young (20480K), 4 survivors (4096K)
 Metaspace       used 68199K, committed 68864K, reserved 1114112K
  class space    used 9465K, committed 9792K, reserved 1048576K
}

